#
# A fatal error has been detected by the Java Runtime Environment:
#
#  Internal Error (javaClasses.cpp:136), pid=5444, tid=7260
#  fatal error: Invalid layout of preloaded class
#
# JRE version:  (7.0_71-b14) (build )
# Java VM: Java HotSpot(TM) 64-Bit Server VM (24.71-b01 mixed mode windows-amd64 compressed oops)
# Failed to write core dump. Minidumps are not enabled by default on client versions of Windows
#
# If you would like to submit a bug report, please visit:
#   http://bugreport.sun.com/bugreport/crash.jsp
#

---------------  T H R E A D  ---------------

Current thread (0x0000000002632800):  JavaThread "Unknown thread" [_thread_in_vm, id=7260, stack(0x00000000024c0000,0x00000000025c0000)]

Stack: [0x00000000024c0000,0x00000000025c0000]
[error occurred during error reporting (printing stack bounds), id 0xc0000005]


---------------  P R O C E S S  ---------------

Java Threads: ( => current thread )

Other Threads:

=>0x0000000002632800 (exited) JavaThread "Unknown thread" [_thread_in_vm, id=7260, stack(0x00000000024c0000,0x00000000025c0000)]

VM state:not at safepoint (not fully initialized)

VM Mutex/Monitor currently owned by a thread: None

GC Heap History (0 events):
No events

Deoptimization events (0 events):
No events

Internal exceptions (0 events):
No events

Events (10 events):
Event: 0.010 loading class 0x0000000002675540 done
Event: 0.010 loading class 0x0000000002674f60 done
Event: 0.010 loading class 0x0000000002674f40
Event: 0.011 loading class 0x000000000267d090
Event: 0.011 loading class 0x000000000267d090 done
Event: 0.011 loading class 0x000000000267d0c0
Event: 0.011 loading class 0x000000000267d0c0 done
Event: 0.011 loading class 0x000000000267d0f0
Event: 0.011 loading class 0x000000000267d0f0 done
Event: 0.011 loading class 0x0000000002674f40 done


Dynamic libraries:
0x000007f7f1b00000 - 0x000007f7f1b33000 	C:\Program Files\Java\jre7\bin\javaw.exe
0x000007ff67550000 - 0x000007ff6770e000 	C:\windows\SYSTEM32\ntdll.dll
0x000007ff657e0000 - 0x000007ff65916000 	C:\windows\system32\KERNEL32.DLL
0x000007ff647e0000 - 0x000007ff648d3000 	C:\windows\system32\KERNELBASE.dll
0x000000006e2f0000 - 0x000000006e377000 	C:\windows\System32\SYSFER.DLL
0x000007ff64ac0000 - 0x000007ff64b9e000 	C:\windows\system32\ADVAPI32.dll
0x000007ff65690000 - 0x000007ff657dc000 	C:\windows\system32\USER32.dll
0x000007ff62260000 - 0x000007ff624c9000 	C:\windows\WinSxS\amd64_microsoft.windows.common-controls_6595b64144ccf1df_6.0.9200.16384_none_418c2a697189c07f\COMCTL32.dll
0x000007ff64ec0000 - 0x000007ff64f65000 	C:\windows\system32\msvcrt.dll
0x000007ff67500000 - 0x000007ff67548000 	C:\windows\SYSTEM32\sechost.dll
0x000007ff65310000 - 0x000007ff65455000 	C:\windows\system32\RPCRT4.dll
0x000007ff65a50000 - 0x000007ff65b91000 	C:\windows\system32\GDI32.dll
0x000007ff64e80000 - 0x000007ff64eb9000 	C:\windows\system32\IMM32.DLL
0x000007ff65930000 - 0x000007ff65a44000 	C:\windows\system32\MSCTF.dll
0x000000006b640000 - 0x000000006b712000 	C:\Program Files\Java\jre7\bin\msvcr100.dll
0x000000006ae60000 - 0x000000006b633000 	C:\Program Files\Java\jre7\bin\server\jvm.dll
0x000007ff5cd40000 - 0x000007ff5cd49000 	C:\windows\SYSTEM32\WSOCK32.dll
0x000007ff5d8f0000 - 0x000007ff5d910000 	C:\windows\SYSTEM32\WINMM.dll
0x000007ff65680000 - 0x000007ff65687000 	C:\windows\system32\PSAPI.DLL
0x000007ff65560000 - 0x000007ff655b8000 	C:\windows\system32\WS2_32.dll
0x000007ff5d8b0000 - 0x000007ff5d8e2000 	C:\windows\SYSTEM32\WINMMBASE.dll
0x000007ff66e90000 - 0x000007ff66e99000 	C:\windows\system32\NSI.dll
0x000000006c0e0000 - 0x000000006c0ef000 	C:\Program Files\Java\jre7\bin\verify.dll
0x000000006b8f0000 - 0x000000006b918000 	C:\Program Files\Java\jre7\bin\java.dll
0x000000006b8d0000 - 0x000000006b8e5000 	C:\Program Files\Java\jre7\bin\zip.dll

VM Arguments:
jvm_args: -Dfile.encoding=Cp1252 -Xbootclasspath:D:\android\adt-bundle-windows-x86_64-20140702\sdk\platforms\android-19\android.jar 
java_command: com.example.targetedads.ReadFile
Launcher Type: SUN_STANDARD

Environment Variables:
PATH=c:\Rtools\bin;c:\Rtools\gcc-4.6.3\bin;C:\Program Files (x86)\Intel\iCLS Client\;C:\Program Files\Intel\iCLS Client\;C:\windows\system32;C:\windows;C:\Rtools\MINGW\BIN;C:\Rtools\MINGW64\BIN;C:\windows\System32\Wbem;C:\windows\System32\WindowsPowerShell\v1.0\;C:\Program Files (x86)\Intel\OpenCL SDK\2.0\bin\x86;C:\Program Files (x86)\Intel\OpenCL SDK\2.0\bin\x64;C:\Program Files\Intel\Intel(R) Management Engine Components\DAL;C:\Program Files\Intel\Intel(R) Management Engine Components\IPT;C:\Program Files (x86)\Intel\Intel(R) Management Engine Components\DAL;C:\Program Files (x86)\Intel\Intel(R) Management Engine Components\IPT;C:\Program Files\Intel\WiFi\bin\;C:\Program Files\Common Files\Intel\WirelessCommon\;C:\Program Files\MiKTeX 2.9\miktex\bin\x64\;C:\Program Files (x86)\MySQL\MySQL Utilities\;C:\Python27;C:\Python27\Scripts;C:\Program Files\Phidgets\;C:\Ruby193\bin;C:\Program Files (x86)\Java\jre7\bin;C:\Users\ajawchat\AppData\Local\Box\Box Edit\;C:\Program Files\Phidgets\;C:\cygwin64\bin
USERNAME=ajawchat
OS=Windows_NT
PROCESSOR_IDENTIFIER=Intel64 Family 6 Model 58 Stepping 9, GenuineIntel



---------------  S Y S T E M  ---------------

OS: Windows 8 , 64 bit Build 9200 

CPU:total 4 (2 cores per cpu, 2 threads per core) family 6 model 58 stepping 9, cmov, cx8, fxsr, mmx, sse, sse2, sse3, ssse3, sse4.1, sse4.2, popcnt, avx, aes, erms, ht, tsc, tscinvbit, tscinv

Memory: 4k page, physical 6143504k(1403352k free), swap 12481592k(1449292k free)

vm_info: Java HotSpot(TM) 64-Bit Server VM (24.71-b01) for windows-amd64 JRE (1.7.0_71-b14), built on Sep 26 2014 16:16:12 by "java_re" with unknown MS VC++:1600

time: Sun Nov 30 14:58:49 2014
elapsed time: 0 seconds

